<?xml version="1.0" encoding="UTF-8"?>
<testng-results ignored="0" total="2" passed="1" failed="1" skipped="0">
  <reporter-output>
  </reporter-output>
  <suite started-at="2018-05-18T06:26:39Z" name="Surefire suite" finished-at="2018-05-18T06:26:51Z" duration-ms="11809">
    <groups>
    </groups>
    <test started-at="2018-05-18T06:26:39Z" name="Surefire test" finished-at="2018-05-18T06:26:51Z" duration-ms="11809">
      <class name="com.org.MavenTests.RegPageTest">
        <test-method is-config="true" signature="initionalBrowser()[pri:0, instance:com.org.MavenTests.RegPageTest@c267ef4]" started-at="2018-05-18T06:26:27Z" name="initionalBrowser" finished-at="2018-05-18T06:26:39Z" duration-ms="11637" status="PASS">
          <reporter-output>
          </reporter-output>
        </test-method> <!-- initionalBrowser -->
        <test-method is-config="true" signature="goToRegisterpage()[pri:0, instance:com.org.MavenTests.RegPageTest@c267ef4]" started-at="2018-05-18T06:26:39Z" name="goToRegisterpage" finished-at="2018-05-18T06:26:43Z" duration-ms="4519" status="PASS">
          <reporter-output>
          </reporter-output>
        </test-method> <!-- goToRegisterpage -->
        <test-method signature="doRegistrationTest([Ljava.lang.String;)[pri:1, instance:com.org.MavenTests.RegPageTest@c267ef4]" started-at="2018-05-18T06:26:43Z" name="doRegistrationTest" data-provider="getUserData" finished-at="2018-05-18T06:26:45Z" duration-ms="1993" status="PASS">
          <params>
            <param index="0">
              <value>
                <![CDATA[[Ljava.lang.String;@201c3cda]]>
              </value>
            </param>
          </params>
          <reporter-output>
          </reporter-output>
        </test-method> <!-- doRegistrationTest -->
        <test-method is-config="true" signature="goToRegisterpage()[pri:0, instance:com.org.MavenTests.RegPageTest@c267ef4]" started-at="2018-05-18T06:26:45Z" name="goToRegisterpage" finished-at="2018-05-18T06:26:49Z" duration-ms="3870" status="PASS">
          <reporter-output>
          </reporter-output>
        </test-method> <!-- goToRegisterpage -->
        <test-method signature="doCheckValidationTest(java.lang.String, java.lang.String, java.lang.String, java.lang.String, java.lang.String)[pri:2, instance:com.org.MavenTests.RegPageTest@c267ef4]" started-at="2018-05-18T06:26:49Z" name="doCheckValidationTest" data-provider="getContactData" finished-at="2018-05-18T06:26:51Z" duration-ms="1406" status="FAIL">
          <params>
            <param index="0">
              <value>
                <![CDATA[2]]>
              </value>
            </param>
            <param index="1">
              <value>
                <![CDATA[31]]>
              </value>
            </param>
            <param index="2">
              <value>
                <![CDATA[1990]]>
              </value>
            </param>
            <param index="3">
              <value>
                <![CDATA[invalidtelnum]]>
              </value>
            </param>
            <param index="4">
              <value>
                <![CDATA[invalidmail]]>
              </value>
            </param>
          </params>
          <exception class="java.lang.AssertionError">
            <message>
              <![CDATA[The following asserts failed:
Error: Date Fields Validation Failure!]]>
            </message>
            <full-stacktrace>
              <![CDATA[java.lang.AssertionError: The following asserts failed:
Error: Date Fields Validation Failure!
at org.testng.asserts.SoftAssert.assertAll(SoftAssert.java:43)
at com.org.MavenTests.RegPageTest.doCheckValidationTest(RegPageTest.java:165)
at java.base/jdk.internal.reflect.NativeMethodAccessorImpl.invoke0(Native Method)
at java.base/jdk.internal.reflect.NativeMethodAccessorImpl.invoke(NativeMethodAccessorImpl.java:62)
at java.base/jdk.internal.reflect.DelegatingMethodAccessorImpl.invoke(DelegatingMethodAccessorImpl.java:43)
at java.base/java.lang.reflect.Method.invoke(Method.java:564)
at org.testng.internal.MethodInvocationHelper.invokeMethod(MethodInvocationHelper.java:124)
at org.testng.internal.Invoker.invokeMethod(Invoker.java:580)
at org.testng.internal.Invoker.invokeTestMethod(Invoker.java:716)
at org.testng.internal.Invoker.invokeTestMethods(Invoker.java:988)
at org.testng.internal.TestMethodWorker.invokeTestMethods(TestMethodWorker.java:125)
at org.testng.internal.TestMethodWorker.run(TestMethodWorker.java:109)
at org.testng.TestRunner.privateRun(TestRunner.java:648)
at org.testng.TestRunner.run(TestRunner.java:505)
at org.testng.SuiteRunner.runTest(SuiteRunner.java:455)
at org.testng.SuiteRunner.runSequentially(SuiteRunner.java:450)
at org.testng.SuiteRunner.privateRun(SuiteRunner.java:415)
at org.testng.SuiteRunner.run(SuiteRunner.java:364)
at org.testng.SuiteRunnerWorker.runSuite(SuiteRunnerWorker.java:52)
at org.testng.SuiteRunnerWorker.run(SuiteRunnerWorker.java:84)
at org.testng.TestNG.runSuitesSequentially(TestNG.java:1208)
at org.testng.TestNG.runSuitesLocally(TestNG.java:1137)
at org.testng.TestNG.runSuites(TestNG.java:1049)
at org.testng.TestNG.run(TestNG.java:1017)
at org.apache.maven.surefire.testng.TestNGExecutor.run(TestNGExecutor.java:132)
at org.apache.maven.surefire.testng.TestNGDirectoryTestSuite.executeSingleClass(TestNGDirectoryTestSuite.java:112)
at org.apache.maven.surefire.testng.TestNGDirectoryTestSuite.execute(TestNGDirectoryTestSuite.java:99)
at org.apache.maven.surefire.testng.TestNGProvider.invoke(TestNGProvider.java:147)
at org.apache.maven.surefire.booter.ForkedBooter.invokeProviderInSameClassLoader(ForkedBooter.java:290)
at org.apache.maven.surefire.booter.ForkedBooter.runSuitesInProcess(ForkedBooter.java:242)
at org.apache.maven.surefire.booter.ForkedBooter.main(ForkedBooter.java:121)
]]>
            </full-stacktrace>
          </exception> <!-- java.lang.AssertionError -->
          <reporter-output>
          </reporter-output>
        </test-method> <!-- doCheckValidationTest -->
        <test-method is-config="true" signature="closeBrowser()[pri:0, instance:com.org.MavenTests.RegPageTest@c267ef4]" started-at="2018-05-18T06:26:51Z" name="closeBrowser" finished-at="2018-05-18T06:26:53Z" duration-ms="2014" status="PASS">
          <reporter-output>
          </reporter-output>
        </test-method> <!-- closeBrowser -->
      </class> <!-- com.org.MavenTests.RegPageTest -->
    </test> <!-- Surefire test -->
  </suite> <!-- Surefire suite -->
</testng-results>
