<?xml version="1.0" encoding="UTF-8"?>
<testng-results ignored="0" total="5" passed="4" failed="1" skipped="0">
  <reporter-output>
  </reporter-output>
  <suite started-at="2018-11-13T21:00:35Z" name="Default suite" finished-at="2018-11-13T21:00:52Z" duration-ms="16931">
    <groups>
    </groups>
    <test started-at="2018-11-13T21:00:35Z" name="Default test" finished-at="2018-11-13T21:00:52Z" duration-ms="16931">
      <class name="com.org.MavenTests.RegPageTest">
        <test-method is-config="true" signature="initionalBrowser()[pri:0, instance:com.org.MavenTests.RegPageTest@201a4587]" started-at="2018-11-13T21:00:30Z" name="initionalBrowser" finished-at="2018-11-13T21:00:35Z" duration-ms="4643" status="PASS">
          <reporter-output>
          </reporter-output>
        </test-method> <!-- initionalBrowser -->
        <test-method signature="checkEmailRepeat(java.lang.Object)[pri:1, instance:com.org.MavenTests.RegPageTest@201a4587]" started-at="2018-11-13T21:00:35Z" name="checkEmailRepeat" data-provider="repeatedUserEmail" finished-at="2018-11-13T21:00:39Z" duration-ms="3929" status="PASS">
          <params>
            <param index="0">
              <value>
                <![CDATA[Models.User@6ebd78d1]]>
              </value>
            </param>
          </params>
          <reporter-output>
          </reporter-output>
        </test-method> <!-- checkEmailRepeat -->
        <test-method signature="checkEmailValidations(java.lang.Object)[pri:2, instance:com.org.MavenTests.RegPageTest@201a4587]" started-at="2018-11-13T21:00:39Z" name="checkEmailValidations" data-provider="invalidUserEmail" finished-at="2018-11-13T21:00:40Z" duration-ms="1062" status="PASS">
          <params>
            <param index="0">
              <value>
                <![CDATA[Models.User@15515c51]]>
              </value>
            </param>
          </params>
          <reporter-output>
          </reporter-output>
        </test-method> <!-- checkEmailValidations -->
        <test-method signature="checkUpperLimits(java.lang.Object)[pri:3, instance:com.org.MavenTests.RegPageTest@201a4587]" started-at="2018-11-13T21:00:40Z" name="checkUpperLimits" data-provider="validUserData" finished-at="2018-11-13T21:00:44Z" duration-ms="4321" status="PASS">
          <params>
            <param index="0">
              <value>
                <![CDATA[Models.User@5b3f3ba0]]>
              </value>
            </param>
          </params>
          <reporter-output>
          </reporter-output>
        </test-method> <!-- checkUpperLimits -->
        <test-method signature="checkValidations(java.lang.Object)[pri:3, instance:com.org.MavenTests.RegPageTest@201a4587]" started-at="2018-11-13T21:00:44Z" name="checkValidations" data-provider="invalidUserData" finished-at="2018-11-13T21:00:48Z" duration-ms="4375" status="PASS">
          <params>
            <param index="0">
              <value>
                <![CDATA[Models.User@59ed3e6c]]>
              </value>
            </param>
          </params>
          <reporter-output>
          </reporter-output>
        </test-method> <!-- checkValidations -->
        <test-method signature="checkRegistration(java.lang.Object)[pri:4, instance:com.org.MavenTests.RegPageTest@201a4587]" started-at="2018-11-13T21:00:48Z" name="checkRegistration" data-provider="validUserData" finished-at="2018-11-13T21:00:52Z" duration-ms="3209" status="FAIL">
          <params>
            <param index="0">
              <value>
                <![CDATA[Models.User@da4cf09]]>
              </value>
            </param>
          </params>
          <exception class="java.lang.AssertionError">
            <message>
              <![CDATA[org.openqa.selenium.NoSuchElementException: Cannot locate option with value: November
For documentation on this error, please visit: http://seleniumhq.org/exceptions/no_such_element.html
Build info: version: '3.12.0', revision: '7c6e0b3', time: '2018-05-08T15:15:03.216Z'
System info: host: 'LAGAN', ip: '192.168.1.66', os.name: 'Windows 10', os.arch: 'amd64', os.version: '10.0', java.version: '10.0.1'
Driver info: driver.version: unknown]]>
            </message>
            <full-stacktrace>
              <![CDATA[java.lang.AssertionError: org.openqa.selenium.NoSuchElementException: Cannot locate option with value: November
For documentation on this error, please visit: http://seleniumhq.org/exceptions/no_such_element.html
Build info: version: '3.12.0', revision: '7c6e0b3', time: '2018-05-08T15:15:03.216Z'
System info: host: 'LAGAN', ip: '192.168.1.66', os.name: 'Windows 10', os.arch: 'amd64', os.version: '10.0', java.version: '10.0.1'
Driver info: driver.version: unknown
at org.testng.Assert.fail(Assert.java:96)
at com.org.MavenTests.RegPageTest.checkRegistration(RegPageTest.java:440)
at java.base/jdk.internal.reflect.NativeMethodAccessorImpl.invoke0(Native Method)
at java.base/jdk.internal.reflect.NativeMethodAccessorImpl.invoke(NativeMethodAccessorImpl.java:62)
at java.base/jdk.internal.reflect.DelegatingMethodAccessorImpl.invoke(DelegatingMethodAccessorImpl.java:43)
at java.base/java.lang.reflect.Method.invoke(Method.java:564)
at org.testng.internal.MethodInvocationHelper.invokeMethod(MethodInvocationHelper.java:124)
at org.testng.internal.Invoker.invokeMethod(Invoker.java:580)
at org.testng.internal.Invoker.invokeTestMethod(Invoker.java:716)
at org.testng.internal.Invoker.invokeTestMethods(Invoker.java:988)
at org.testng.internal.TestMethodWorker.invokeTestMethods(TestMethodWorker.java:125)
at org.testng.internal.TestMethodWorker.run(TestMethodWorker.java:109)
at org.testng.TestRunner.privateRun(TestRunner.java:648)
at org.testng.TestRunner.run(TestRunner.java:505)
at org.testng.SuiteRunner.runTest(SuiteRunner.java:455)
at org.testng.SuiteRunner.runSequentially(SuiteRunner.java:450)
at org.testng.SuiteRunner.privateRun(SuiteRunner.java:415)
at org.testng.SuiteRunner.run(SuiteRunner.java:364)
at org.testng.SuiteRunnerWorker.runSuite(SuiteRunnerWorker.java:52)
at org.testng.SuiteRunnerWorker.run(SuiteRunnerWorker.java:84)
at org.testng.TestNG.runSuitesSequentially(TestNG.java:1208)
at org.testng.TestNG.runSuitesLocally(TestNG.java:1137)
at org.testng.TestNG.runSuites(TestNG.java:1049)
at org.testng.TestNG.run(TestNG.java:1017)
at org.testng.remote.AbstractRemoteTestNG.run(AbstractRemoteTestNG.java:114)
at org.testng.remote.RemoteTestNG.initAndRun(RemoteTestNG.java:251)
at org.testng.remote.RemoteTestNG.main(RemoteTestNG.java:77)
]]>
            </full-stacktrace>
          </exception> <!-- java.lang.AssertionError -->
          <reporter-output>
          </reporter-output>
        </test-method> <!-- checkRegistration -->
        <test-method is-config="true" signature="closeBrowser()[pri:0, instance:com.org.MavenTests.RegPageTest@201a4587]" started-at="2018-11-13T21:00:52Z" name="closeBrowser" finished-at="2018-11-13T21:00:53Z" duration-ms="1736" status="PASS">
          <reporter-output>
          </reporter-output>
        </test-method> <!-- closeBrowser -->
      </class> <!-- com.org.MavenTests.RegPageTest -->
    </test> <!-- Default test -->
  </suite> <!-- Default suite -->
</testng-results>
