<?xml version="1.0" encoding="UTF-8"?>
<!-- Generated by org.testng.reporters.JUnitXMLReporter -->
<testsuite ignored="0" hostname="Lagan" failures="1" tests="2" name="Command line test" time="50.756" errors="0" timestamp="17 мая 2018 09:02:55 GMT">
  <testcase classname="com.org.MavenTests.RegPageTest" name="doRegistrationTest" time="1.984"/>
  <testcase classname="com.org.MavenTests.RegPageTest" name="doCheckValidationTest" time="1.557">
    <failure type="java.lang.AssertionError" message="The following asserts failed:
	Error: Date Fields Validation Failure!">
      <![CDATA[java.lang.AssertionError: The following asserts failed:
Error: Date Fields Validation Failure!
at com.org.MavenTests.RegPageTest.doCheckValidationTest(RegPageTest.java:169)
... Removed 35 stack frames]]>
    </failure>
  </testcase> <!-- doCheckValidationTest -->
</testsuite> <!-- Command line test -->
